[2023-05-22 at 16:07:02 CST] [DEBUG] org.apache.http.impl.conn.Wire.wire(Wire.java:73) - http-outgoing-2 >> "Host: 172.23.90.124:8080[\r][\n]"
[2023-05-22 at 16:07:02 CST] [DEBUG] org.apache.http.impl.conn.Wire.wire(Wire.java:73) - http-outgoing-2 >> "Connection: Keep-Alive[\r][\n]"
[2023-05-22 at 16:07:02 CST] [DEBUG] org.apache.http.impl.conn.Wire.wire(Wire.java:73) - http-outgoing-2 >> "Accept-Encoding: gzip,deflate[\r][\n]"
[2023-05-22 at 16:07:02 CST] [DEBUG] org.apache.http.impl.conn.Wire.wire(Wire.java:73) - http-outgoing-2 >> "[\r][\n]"
[2023-05-22 at 16:07:02 CST] [DEBUG] org.apache.http.impl.conn.Wire.wire(Wire.java:73) - http-outgoing-2 >> "89[\r][\n]"
[2023-05-22 at 16:07:02 CST] [DEBUG] org.apache.http.impl.conn.Wire.wire(Wire.java:73) - http-outgoing-2 >> "{"label":"transportFee","type":"edge","properties":{"fee":1},"id":null,"outV":"76:K[0xe7][0x9c][0x81]","inV":"76:K[0xe7][0x9c][0x81]","outVLabel":null,"inVLabel":null}[\r][\n]"
[2023-05-22 at 16:07:02 CST] [DEBUG] org.apache.http.impl.conn.Wire.wire(Wire.java:73) - http-outgoing-2 >> "0[\r][\n]"
[2023-05-22 at 16:07:02 CST] [DEBUG] org.apache.http.impl.conn.Wire.wire(Wire.java:73) - http-outgoing-2 >> "[\r][\n]"
[2023-05-22 at 16:07:02 CST] [DEBUG] org.apache.http.impl.conn.Wire.wire(Wire.java:73) - http-outgoing-2 << "HTTP/1.1 201 Created[\r][\n]"
[2023-05-22 at 16:07:02 CST] [DEBUG] org.apache.http.impl.conn.Wire.wire(Wire.java:73) - http-outgoing-2 << "Content-Type: application/json;charset=UTF-8[\r][\n]"
[2023-05-22 at 16:07:02 CST] [DEBUG] org.apache.http.impl.conn.Wire.wire(Wire.java:73) - http-outgoing-2 << "Content-Length: 169[\r][\n]"
[2023-05-22 at 16:07:02 CST] [DEBUG] org.apache.http.impl.conn.Wire.wire(Wire.java:73) - http-outgoing-2 << "[\r][\n]"
[2023-05-22 at 16:07:02 CST] [DEBUG] org.apache.http.impl.conn.Wire.wire(Wire.java:87) - http-outgoing-2 << "{"id":"S76:K[0xe7][0x9c][0x81]>165>>S76:K[0xe7][0x9c][0x81]","label":"transportFee","type":"edge","outV":"76:K[0xe7][0x9c][0x81]","outVLabel":"province","inV":"76:K[0xe7][0x9c][0x81]","inVLabel":"province","properties":{"fee":1}}"
[2023-05-22 at 16:07:02 CST] [DEBUG] org.apache.http.impl.conn.LoggingManagedHttpClientConnection.onResponseReceived(LoggingManagedHttpClientConnection.java:122) - http-outgoing-2 << HTTP/1.1 201 Created
[2023-05-22 at 16:07:02 CST] [DEBUG] org.apache.http.impl.conn.LoggingManagedHttpClientConnection.onResponseReceived(LoggingManagedHttpClientConnection.java:125) - http-outgoing-2 << Content-Type: application/json;charset=UTF-8
[2023-05-22 at 16:07:02 CST] [DEBUG] org.apache.http.impl.conn.LoggingManagedHttpClientConnection.onResponseReceived(LoggingManagedHttpClientConnection.java:125) - http-outgoing-2 << Content-Length: 169
[2023-05-22 at 16:07:02 CST] [DEBUG] org.apache.http.impl.execchain.MainClientExec.execute(MainClientExec.java:285) - Connection can be kept alive indefinitely
[2023-05-22 at 16:07:02 CST] [DEBUG] org.apache.http.impl.conn.PoolingHttpClientConnectionManager.releaseConnection(PoolingHttpClientConnectionManager.java:344) - Connection [id: 2][route: {}->http://172.23.90.124:8080] can be kept alive indefinitely
[2023-05-22 at 16:07:02 CST] [DEBUG] org.apache.http.impl.conn.LoggingManagedHttpClientConnection.setSocketTimeout(LoggingManagedHttpClientConnection.java:88) - http-outgoing-2: set socket timeout to 0
[2023-05-22 at 16:07:02 CST] [DEBUG] org.apache.http.impl.conn.PoolingHttpClientConnectionManager.releaseConnection(PoolingHttpClientConnectionManager.java:351) - Connection released: [id: 2][route: {}->http://172.23.90.124:8080][total available: 1; route allocated: 1 of 16; total allocated: 1 of 32]
[2023-05-22 at 16:07:02 CST] [DEBUG] org.apache.http.client.protocol.RequestAddCookies.process(RequestAddCookies.java:123) - CookieSpec selected: default
[2023-05-22 at 16:07:02 CST] [DEBUG] org.apache.http.client.protocol.RequestAuthCache.process(RequestAuthCache.java:77) - Auth cache not set in the context
[2023-05-22 at 16:07:02 CST] [DEBUG] org.apache.http.impl.conn.PoolingHttpClientConnectionManager.requestConnection(PoolingHttpClientConnectionManager.java:267) - Connection request: [route: {}->http://172.23.90.124:8080][total available: 1; route allocated: 1 of 16; total allocated: 1 of 32]
[2023-05-22 at 16:07:02 CST] [DEBUG] org.apache.http.impl.conn.PoolingHttpClientConnectionManager.leaseConnection(PoolingHttpClientConnectionManager.java:312) - Connection leased: [id: 2][route: {}->http://172.23.90.124:8080][total available: 0; route allocated: 1 of 16; total allocated: 1 of 32]
[2023-05-22 at 16:07:02 CST] [DEBUG] org.apache.http.impl.conn.LoggingManagedHttpClientConnection.setSocketTimeout(LoggingManagedHttpClientConnection.java:88) - http-outgoing-2: set socket timeout to 0
[2023-05-22 at 16:07:02 CST] [DEBUG] org.apache.http.impl.conn.LoggingManagedHttpClientConnection.setSocketTimeout(LoggingManagedHttpClientConnection.java:88) - http-outgoing-2: set socket timeout to 20000
[2023-05-22 at 16:07:02 CST] [DEBUG] org.apache.http.impl.execchain.MainClientExec.execute(MainClientExec.java:255) - Executing request POST /graphs/hugegraph/graph/edges HTTP/1.1
[2023-05-22 at 16:07:02 CST] [DEBUG] org.apache.http.impl.execchain.MainClientExec.execute(MainClientExec.java:266) - Proxy auth state: UNCHALLENGED
[2023-05-22 at 16:07:02 CST] [DEBUG] org.apache.http.impl.conn.LoggingManagedHttpClientConnection.onRequestSubmitted(LoggingManagedHttpClientConnection.java:133) - http-outgoing-2 >> POST /graphs/hugegraph/graph/edges HTTP/1.1
[2023-05-22 at 16:07:02 CST] [DEBUG] org.apache.http.impl.conn.LoggingManagedHttpClientConnection.onRequestSubmitted(LoggingManagedHttpClientConnection.java:136) - http-outgoing-2 >> Authorization: Basic Og==
[2023-05-22 at 16:07:02 CST] [DEBUG] org.apache.http.impl.conn.LoggingManagedHttpClientConnection.onRequestSubmitted(LoggingManagedHttpClientConnection.java:136) - http-outgoing-2 >> User-Agent: Jersey/3.0.3 (Apache HttpClient 4.5.13)
[2023-05-22 at 16:07:02 CST] [DEBUG] org.apache.http.impl.conn.LoggingManagedHttpClientConnection.onRequestSubmitted(LoggingManagedHttpClientConnection.java:136) - http-outgoing-2 >> Content-Type: application/json
[2023-05-22 at 16:07:02 CST] [DEBUG] org.apache.http.impl.conn.LoggingManagedHttpClientConnection.onRequestSubmitted(LoggingManagedHttpClientConnection.java:136) - http-outgoing-2 >> Transfer-Encoding: chunked
[2023-05-22 at 16:07:02 CST] [DEBUG] org.apache.http.impl.conn.LoggingManagedHttpClientConnection.onRequestSubmitted(LoggingManagedHttpClientConnection.java:136) - http-outgoing-2 >> Host: 172.23.90.124:8080
[2023-05-22 at 16:07:02 CST] [DEBUG] org.apache.http.impl.conn.LoggingManagedHttpClientConnection.onRequestSubmitted(LoggingManagedHttpClientConnection.java:136) - http-outgoing-2 >> Connection: Keep-Alive
[2023-05-22 at 16:07:02 CST] [DEBUG] org.apache.http.impl.conn.LoggingManagedHttpClientConnection.onRequestSubmitted(LoggingManagedHttpClientConnection.java:136) - http-outgoing-2 >> Accept-Encoding: gzip,deflate
[2023-05-22 at 16:07:02 CST] [DEBUG] org.apache.http.impl.conn.Wire.wire(Wire.java:73) - http-outgoing-2 >> "POST /graphs/hugegraph/graph/edges HTTP/1.1[\r][\n]"
[2023-05-22 at 16:07:02 CST] [DEBUG] org.apache.http.impl.conn.Wire.wire(Wire.java:73) - http-outgoing-2 >> "Authorization: Basic Og==[\r][\n]"
[2023-05-22 at 16:07:02 CST] [DEBUG] org.apache.http.impl.conn.Wire.wire(Wire.java:73) - http-outgoing-2 >> "User-Agent: Jersey/3.0.3 (Apache HttpClient 4.5.13)[\r][\n]"
[2023-05-22 at 16:07:02 CST] [DEBUG] org.apache.http.impl.conn.Wire.wire(Wire.java:73) - http-outgoing-2 >> "Content-Type: application/json[\r][\n]"
[2023-05-22 at 16:07:02 CST] [DEBUG] org.apache.http.impl.conn.Wire.wire(Wire.java:73) - http-outgoing-2 >> "Transfer-Encoding: chunked[\r][\n]"
[2023-05-22 at 16:07:02 CST] [DEBUG] org.apache.http.impl.conn.Wire.wire(Wire.java:73) - http-outgoing-2 >> "Host: 172.23.90.124:8080[\r][\n]"
[2023-05-22 at 16:07:02 CST] [DEBUG] org.apache.http.impl.conn.Wire.wire(Wire.java:73) - http-outgoing-2 >> "Connection: Keep-Alive[\r][\n]"
[2023-05-22 at 16:07:02 CST] [DEBUG] org.apache.http.impl.conn.Wire.wire(Wire.java:73) - http-outgoing-2 >> "Accept-Encoding: gzip,deflate[\r][\n]"
[2023-05-22 at 16:07:02 CST] [DEBUG] org.apache.http.impl.conn.Wire.wire(Wire.java:73) - http-outgoing-2 >> "[\r][\n]"
[2023-05-22 at 16:07:02 CST] [DEBUG] org.apache.http.impl.conn.Wire.wire(Wire.java:73) - http-outgoing-2 >> "8b[\r][\n]"
[2023-05-22 at 16:07:02 CST] [DEBUG] org.apache.http.impl.conn.Wire.wire(Wire.java:73) - http-outgoing-2 >> "{"label":"transportFee","type":"edge","properties":{"fee":999},"id":null,"outV":"76:K[0xe7][0x9c][0x81]","inV":"76:L[0xe7][0x9c][0x81]","outVLabel":null,"inVLabel":null}[\r][\n]"
[2023-05-22 at 16:07:02 CST] [DEBUG] org.apache.http.impl.conn.Wire.wire(Wire.java:73) - http-outgoing-2 >> "0[\r][\n]"
[2023-05-22 at 16:07:02 CST] [DEBUG] org.apache.http.impl.conn.Wire.wire(Wire.java:73) - http-outgoing-2 >> "[\r][\n]"
[2023-05-22 at 16:07:02 CST] [DEBUG] org.apache.http.impl.conn.Wire.wire(Wire.java:73) - http-outgoing-2 << "HTTP/1.1 201 Created[\r][\n]"
[2023-05-22 at 16:07:02 CST] [DEBUG] org.apache.http.impl.conn.Wire.wire(Wire.java:73) - http-outgoing-2 << "Content-Type: application/json;charset=UTF-8[\r][\n]"
[2023-05-22 at 16:07:02 CST] [DEBUG] org.apache.http.impl.conn.Wire.wire(Wire.java:73) - http-outgoing-2 << "Content-Length: 171[\r][\n]"
[2023-05-22 at 16:07:02 CST] [DEBUG] org.apache.http.impl.conn.Wire.wire(Wire.java:73) - http-outgoing-2 << "[\r][\n]"
[2023-05-22 at 16:07:02 CST] [DEBUG] org.apache.http.impl.conn.Wire.wire(Wire.java:87) - http-outgoing-2 << "{"id":"S76:K[0xe7][0x9c][0x81]>165>>S76:L[0xe7][0x9c][0x81]","label":"transportFee","type":"edge","outV":"76:K[0xe7][0x9c][0x81]","outVLabel":"province","inV":"76:L[0xe7][0x9c][0x81]","inVLabel":"province","properties":{"fee":999}}"
[2023-05-22 at 16:07:02 CST] [DEBUG] org.apache.http.impl.conn.LoggingManagedHttpClientConnection.onResponseReceived(LoggingManagedHttpClientConnection.java:122) - http-outgoing-2 << HTTP/1.1 201 Created
[2023-05-22 at 16:07:02 CST] [DEBUG] org.apache.http.impl.conn.LoggingManagedHttpClientConnection.onResponseReceived(LoggingManagedHttpClientConnection.java:125) - http-outgoing-2 << Content-Type: application/json;charset=UTF-8
[2023-05-22 at 16:07:02 CST] [DEBUG] org.apache.http.impl.conn.LoggingManagedHttpClientConnection.onResponseReceived(LoggingManagedHttpClientConnection.java:125) - http-outgoing-2 << Content-Length: 171
[2023-05-22 at 16:07:02 CST] [DEBUG] org.apache.http.impl.execchain.MainClientExec.execute(MainClientExec.java:285) - Connection can be kept alive indefinitely
[2023-05-22 at 16:07:02 CST] [DEBUG] org.apache.http.impl.conn.PoolingHttpClientConnectionManager.releaseConnection(PoolingHttpClientConnectionManager.java:344) - Connection [id: 2][route: {}->http://172.23.90.124:8080] can be kept alive indefinitely
[2023-05-22 at 16:07:02 CST] [DEBUG] org.apache.http.impl.conn.LoggingManagedHttpClientConnection.setSocketTimeout(LoggingManagedHttpClientConnection.java:88) - http-outgoing-2: set socket timeout to 0
[2023-05-22 at 16:07:02 CST] [DEBUG] org.apache.http.impl.conn.PoolingHttpClientConnectionManager.releaseConnection(PoolingHttpClientConnectionManager.java:351) - Connection released: [id: 2][route: {}->http://172.23.90.124:8080][total available: 1; route allocated: 1 of 16; total allocated: 1 of 32]
[2023-05-22 at 16:07:02 CST] [DEBUG] org.apache.http.client.protocol.RequestAddCookies.process(RequestAddCookies.java:123) - CookieSpec selected: default
[2023-05-22 at 16:07:02 CST] [DEBUG] org.apache.http.client.protocol.RequestAuthCache.process(RequestAuthCache.java:77) - Auth cache not set in the context
[2023-05-22 at 16:07:02 CST] [DEBUG] org.apache.http.impl.conn.PoolingHttpClientConnectionManager.requestConnection(PoolingHttpClientConnectionManager.java:267) - Connection request: [route: {}->http://172.23.90.124:8080][total available: 1; route allocated: 1 of 16; total allocated: 1 of 32]
[2023-05-22 at 16:07:02 CST] [DEBUG] org.apache.http.impl.conn.PoolingHttpClientConnectionManager.leaseConnection(PoolingHttpClientConnectionManager.java:312) - Connection leased: [id: 2][route: {}->http://172.23.90.124:8080][total available: 0; route allocated: 1 of 16; total allocated: 1 of 32]
[2023-05-22 at 16:07:02 CST] [DEBUG] org.apache.http.impl.conn.LoggingManagedHttpClientConnection.setSocketTimeout(LoggingManagedHttpClientConnection.java:88) - http-outgoing-2: set socket timeout to 0
[2023-05-22 at 16:07:02 CST] [DEBUG] org.apache.http.impl.conn.LoggingManagedHttpClientConnection.setSocketTimeout(LoggingManagedHttpClientConnection.java:88) - http-outgoing-2: set socket timeout to 20000
[2023-05-22 at 16:07:02 CST] [DEBUG] org.apache.http.impl.execchain.MainClientExec.execute(MainClientExec.java:255) - Executing request POST /graphs/hugegraph/graph/edges HTTP/1.1
[2023-05-22 at 16:07:02 CST] [DEBUG] org.apache.http.impl.execchain.MainClientExec.execute(MainClientExec.java:266) - Proxy auth state: UNCHALLENGED
[2023-05-22 at 16:07:02 CST] [DEBUG] org.apache.http.impl.conn.LoggingManagedHttpClientConnection.onRequestSubmitted(LoggingManagedHttpClientConnection.java:133) - http-outgoing-2 >> POST /graphs/hugegraph/graph/edges HTTP/1.1
[2023-05-22 at 16:07:02 CST] [DEBUG] org.apache.http.impl.conn.LoggingManagedHttpClientConnection.onRequestSubmitted(LoggingManagedHttpClientConnection.java:136) - http-outgoing-2 >> Authorization: Basic Og==
[2023-05-22 at 16:07:02 CST] [DEBUG] org.apache.http.impl.conn.LoggingManagedHttpClientConnection.onRequestSubmitted(LoggingManagedHttpClientConnection.java:136) - http-outgoing-2 >> User-Agent: Jersey/3.0.3 (Apache HttpClient 4.5.13)
[2023-05-22 at 16:07:02 CST] [DEBUG] org.apache.http.impl.conn.LoggingManagedHttpClientConnection.onRequestSubmitted(LoggingManagedHttpClientConnection.java:136) - http-outgoing-2 >> Content-Type: application/json
[2023-05-22 at 16:07:02 CST] [DEBUG] org.apache.http.impl.conn.LoggingManagedHttpClientConnection.onRequestSubmitted(LoggingManagedHttpClientConnection.java:136) - http-outgoing-2 >> Transfer-Encoding: chunked
[2023-05-22 at 16:07:02 CST] [DEBUG] org.apache.http.impl.conn.LoggingManagedHttpClientConnection.onRequestSubmitted(LoggingManagedHttpClientConnection.java:136) - http-outgoing-2 >> Host: 172.23.90.124:8080
[2023-05-22 at 16:07:02 CST] [DEBUG] org.apache.http.impl.conn.LoggingManagedHttpClientConnection.onRequestSubmitted(LoggingManagedHttpClientConnection.java:136) - http-outgoing-2 >> Connection: Keep-Alive
[2023-05-22 at 16:07:02 CST] [DEBUG] org.apache.http.impl.conn.LoggingManagedHttpClientConnection.onRequestSubmitted(LoggingManagedHttpClientConnection.java:136) - http-outgoing-2 >> Accept-Encoding: gzip,deflate
[2023-05-22 at 16:07:02 CST] [DEBUG] org.apache.http.impl.conn.Wire.wire(Wire.java:73) - http-outgoing-2 >> "POST /graphs/hugegraph/graph/edges HTTP/1.1[\r][\n]"
[2023-05-22 at 16:07:02 CST] [DEBUG] org.apache.http.impl.conn.Wire.wire(Wire.java:73) - http-outgoing-2 >> "Authorization: Basic Og==[\r][\n]"
[2023-05-22 at 16:07:02 CST] [DEBUG] org.apache.http.impl.conn.Wire.wire(Wire.java:73) - http-outgoing-2 >> "User-Agent: Jersey/3.0.3 (Apache HttpClient 4.5.13)[\r][\n]"
[2023-05-22 at 16:07:02 CST] [DEBUG] org.apache.http.impl.conn.Wire.wire(Wire.java:73) - http-outgoing-2 >> "Content-Type: application/json[\r][\n]"
[2023-05-22 at 16:07:02 CST] [DEBUG] org.apache.http.impl.conn.Wire.wire(Wire.java:73) - http-outgoing-2 >> "Transfer-Encoding: chunked[\r][\n]"
[2023-05-22 at 16:07:02 CST] [DEBUG] org.apache.http.impl.conn.Wire.wire(Wire.java:73) - http-outgoing-2 >> "Host: 172.23.90.124:8080[\r][\n]"
[2023-05-22 at 16:07:02 CST] [DEBUG] org.apache.http.impl.conn.Wire.wire(Wire.java:73) - http-outgoing-2 >> "Connection: Keep-Alive[\r][\n]"
[2023-05-22 at 16:07:02 CST] [DEBUG] org.apache.http.impl.conn.Wire.wire(Wire.java:73) - http-outgoing-2 >> "Accept-Encoding: gzip,deflate[\r][\n]"
[2023-05-22 at 16:07:02 CST] [DEBUG] org.apache.http.impl.conn.Wire.wire(Wire.java:73) - http-outgoing-2 >> "[\r][\n]"
[2023-05-22 at 16:07:02 CST] [DEBUG] org.apache.http.impl.conn.Wire.wire(Wire.java:73) - http-outgoing-2 >> "8b[\r][\n]"
[2023-05-22 at 16:07:02 CST] [DEBUG] org.apache.http.impl.conn.Wire.wire(Wire.java:73) - http-outgoing-2 >> "{"label":"transportFee","type":"edge","properties":{"fee":999},"id":null,"outV":"76:L[0xe7][0x9c][0x81]","inV":"76:K[0xe7][0x9c][0x81]","outVLabel":null,"inVLabel":null}[\r][\n]"
[2023-05-22 at 16:07:02 CST] [DEBUG] org.apache.http.impl.conn.Wire.wire(Wire.java:73) - http-outgoing-2 >> "0[\r][\n]"
[2023-05-22 at 16:07:02 CST] [DEBUG] org.apache.http.impl.conn.Wire.wire(Wire.java:73) - http-outgoing-2 >> "[\r][\n]"
[2023-05-22 at 16:07:02 CST] [DEBUG] org.apache.http.impl.conn.Wire.wire(Wire.java:73) - http-outgoing-2 << "HTTP/1.1 201 Created[\r][\n]"
[2023-05-22 at 16:07:02 CST] [DEBUG] org.apache.http.impl.conn.Wire.wire(Wire.java:73) - http-outgoing-2 << "Content-Type: application/json;charset=UTF-8[\r][\n]"
[2023-05-22 at 16:07:02 CST] [DEBUG] org.apache.http.impl.conn.Wire.wire(Wire.java:73) - http-outgoing-2 << "Content-Length: 171[\r][\n]"
[2023-05-22 at 16:07:02 CST] [DEBUG] org.apache.http.impl.conn.Wire.wire(Wire.java:73) - http-outgoing-2 << "[\r][\n]"
[2023-05-22 at 16:07:02 CST] [DEBUG] org.apache.http.impl.conn.Wire.wire(Wire.java:87) - http-outgoing-2 << "{"id":"S76:L[0xe7][0x9c][0x81]>165>>S76:K[0xe7][0x9c][0x81]","label":"transportFee","type":"edge","outV":"76:L[0xe7][0x9c][0x81]","outVLabel":"province","inV":"76:K[0xe7][0x9c][0x81]","inVLabel":"province","properties":{"fee":999}}"
[2023-05-22 at 16:07:02 CST] [DEBUG] org.apache.http.impl.conn.LoggingManagedHttpClientConnection.onResponseReceived(LoggingManagedHttpClientConnection.java:122) - http-outgoing-2 << HTTP/1.1 201 Created
[2023-05-22 at 16:07:02 CST] [DEBUG] org.apache.http.impl.conn.LoggingManagedHttpClientConnection.onResponseReceived(LoggingManagedHttpClientConnection.java:125) - http-outgoing-2 << Content-Type: application/json;charset=UTF-8
[2023-05-22 at 16:07:02 CST] [DEBUG] org.apache.http.impl.conn.LoggingManagedHttpClientConnection.onResponseReceived(LoggingManagedHttpClientConnection.java:125) - http-outgoing-2 << Content-Length: 171
[2023-05-22 at 16:07:02 CST] [DEBUG] org.apache.http.impl.execchain.MainClientExec.execute(MainClientExec.java:285) - Connection can be kept alive indefinitely
[2023-05-22 at 16:07:02 CST] [DEBUG] org.apache.http.impl.conn.PoolingHttpClientConnectionManager.releaseConnection(PoolingHttpClientConnectionManager.java:344) - Connection [id: 2][route: {}->http://172.23.90.124:8080] can be kept alive indefinitely
[2023-05-22 at 16:07:02 CST] [DEBUG] org.apache.http.impl.conn.LoggingManagedHttpClientConnection.setSocketTimeout(LoggingManagedHttpClientConnection.java:88) - http-outgoing-2: set socket timeout to 0
[2023-05-22 at 16:07:02 CST] [DEBUG] org.apache.http.impl.conn.PoolingHttpClientConnectionManager.releaseConnection(PoolingHttpClientConnectionManager.java:351) - Connection released: [id: 2][route: {}->http://172.23.90.124:8080][total available: 1; route allocated: 1 of 16; total allocated: 1 of 32]
[2023-05-22 at 16:07:02 CST] [DEBUG] org.apache.http.client.protocol.RequestAddCookies.process(RequestAddCookies.java:123) - CookieSpec selected: default
[2023-05-22 at 16:07:02 CST] [DEBUG] org.apache.http.client.protocol.RequestAuthCache.process(RequestAuthCache.java:77) - Auth cache not set in the context
[2023-05-22 at 16:07:02 CST] [DEBUG] org.apache.http.impl.conn.PoolingHttpClientConnectionManager.requestConnection(PoolingHttpClientConnectionManager.java:267) - Connection request: [route: {}->http://172.23.90.124:8080][total available: 1; route allocated: 1 of 16; total allocated: 1 of 32]
[2023-05-22 at 16:07:02 CST] [DEBUG] org.apache.http.impl.conn.PoolingHttpClientConnectionManager.leaseConnection(PoolingHttpClientConnectionManager.java:312) - Connection leased: [id: 2][route: {}->http://172.23.90.124:8080][total available: 0; route allocated: 1 of 16; total allocated: 1 of 32]
[2023-05-22 at 16:07:02 CST] [DEBUG] org.apache.http.impl.conn.LoggingManagedHttpClientConnection.setSocketTimeout(LoggingManagedHttpClientConnection.java:88) - http-outgoing-2: set socket timeout to 0
[2023-05-22 at 16:07:02 CST] [DEBUG] org.apache.http.impl.conn.LoggingManagedHttpClientConnection.setSocketTimeout(LoggingManagedHttpClientConnection.java:88) - http-outgoing-2: set socket timeout to 20000
[2023-05-22 at 16:07:02 CST] [DEBUG] org.apache.http.impl.execchain.MainClientExec.execute(MainClientExec.java:255) - Executing request POST /graphs/hugegraph/graph/edges HTTP/1.1
[2023-05-22 at 16:07:02 CST] [DEBUG] org.apache.http.impl.execchain.MainClientExec.execute(MainClientExec.java:266) - Proxy auth state: UNCHALLENGED
[2023-05-22 at 16:07:02 CST] [DEBUG] org.apache.http.impl.conn.LoggingManagedHttpClientConnection.onRequestSubmitted(LoggingManagedHttpClientConnection.java:133) - http-outgoing-2 >> POST /graphs/hugegraph/graph/edges HTTP/1.1
[2023-05-22 at 16:07:02 CST] [DEBUG] org.apache.http.impl.conn.LoggingManagedHttpClientConnection.onRequestSubmitted(LoggingManagedHttpClientConnection.java:136) - http-outgoing-2 >> Authorization: Basic Og==
[2023-05-22 at 16:07:02 CST] [DEBUG] org.apache.http.impl.conn.LoggingManagedHttpClientConnection.onRequestSubmitted(LoggingManagedHttpClientConnection.java:136) - http-outgoing-2 >> User-Agent: Jersey/3.0.3 (Apache HttpClient 4.5.13)
[2023-05-22 at 16:07:02 CST] [DEBUG] org.apache.http.impl.conn.LoggingManagedHttpClientConnection.onRequestSubmitted(LoggingManagedHttpClientConnection.java:136) - http-outgoing-2 >> Content-Type: application/json
[2023-05-22 at 16:07:02 CST] [DEBUG] org.apache.http.impl.conn.LoggingManagedHttpClientConnection.onRequestSubmitted(LoggingManagedHttpClientConnection.java:136) - http-outgoing-2 >> Transfer-Encoding: chunked
[2023-05-22 at 16:07:02 CST] [DEBUG] org.apache.http.impl.conn.LoggingManagedHttpClientConnection.onRequestSubmitted(LoggingManagedHttpClientConnection.java:136) - http-outgoing-2 >> Host: 172.23.90.124:8080
[2023-05-22 at 16:07:02 CST] [DEBUG] org.apache.http.impl.conn.LoggingManagedHttpClientConnection.onRequestSubmitted(LoggingManagedHttpClientConnection.java:136) - http-outgoing-2 >> Connection: Keep-Alive
[2023-05-22 at 16:07:02 CST] [DEBUG] org.apache.http.impl.conn.LoggingManagedHttpClientConnection.onRequestSubmitted(LoggingManagedHttpClientConnection.java:136) - http-outgoing-2 >> Accept-Encoding: gzip,deflate
[2023-05-22 at 16:07:02 CST] [DEBUG] org.apache.http.impl.conn.Wire.wire(Wire.java:73) - http-outgoing-2 >> "POST /graphs/hugegraph/graph/edges HTTP/1.1[\r][\n]"
[2023-05-22 at 16:07:02 CST] [DEBUG] org.apache.http.impl.conn.Wire.wire(Wire.java:73) - http-outgoing-2 >> "Authorization: Basic Og==[\r][\n]"
[2023-05-22 at 16:07:02 CST] [DEBUG] org.apache.http.impl.conn.Wire.wire(Wire.java:73) - http-outgoing-2 >> "User-Agent: Jersey/3.0.3 (Apache HttpClient 4.5.13)[\r][\n]"
[2023-05-22 at 16:07:02 CST] [DEBUG] org.apache.http.impl.conn.Wire.wire(Wire.java:73) - http-outgoing-2 >> "Content-Type: application/json[\r][\n]"
[2023-05-22 at 16:07:02 CST] [DEBUG] org.apache.http.impl.conn.Wire.wire(Wire.java:73) - http-outgoing-2 >> "Transfer-Encoding: chunked[\r][\n]"
[2023-05-22 at 16:07:02 CST] [DEBUG] org.apache.http.impl.conn.Wire.wire(Wire.java:73) - http-outgoing-2 >> "Host: 172.23.90.124:8080[\r][\n]"
[2023-05-22 at 16:07:02 CST] [DEBUG] org.apache.http.impl.conn.Wire.wire(Wire.java:73) - http-outgoing-2 >> "Connection: Keep-Alive[\r][\n]"
[2023-05-22 at 16:07:02 CST] [DEBUG] org.apache.http.impl.conn.Wire.wire(Wire.java:73) - http-outgoing-2 >> "Accept-Encoding: gzip,deflate[\r][\n]"
[2023-05-22 at 16:07:02 CST] [DEBUG] org.apache.http.impl.conn.Wire.wire(Wire.java:73) - http-outgoing-2 >> "[\r][\n]"
[2023-05-22 at 16:07:02 CST] [DEBUG] org.apache.http.impl.conn.Wire.wire(Wire.java:73) - http-outgoing-2 >> "8b[\r][\n]"
[2023-05-22 at 16:07:02 CST] [DEBUG] org.apache.http.impl.conn.Wire.wire(Wire.java:73) - http-outgoing-2 >> "{"label":"transportFee","type":"edge","properties":{"fee":999},"id":null,"outV":"76:L[0xe7][0x9c][0x81]","inV":"76:L[0xe7][0x9c][0x81]","outVLabel":null,"inVLabel":null}[\r][\n]"
[2023-05-22 at 16:07:02 CST] [DEBUG] org.apache.http.impl.conn.Wire.wire(Wire.java:73) - http-outgoing-2 >> "0[\r][\n]"
[2023-05-22 at 16:07:02 CST] [DEBUG] org.apache.http.impl.conn.Wire.wire(Wire.java:73) - http-outgoing-2 >> "[\r][\n]"
[2023-05-22 at 16:07:02 CST] [DEBUG] org.apache.http.impl.conn.Wire.wire(Wire.java:73) - http-outgoing-2 << "HTTP/1.1 201 Created[\r][\n]"
[2023-05-22 at 16:07:02 CST] [DEBUG] org.apache.http.impl.conn.Wire.wire(Wire.java:73) - http-outgoing-2 << "Content-Type: application/json;charset=UTF-8[\r][\n]"
[2023-05-22 at 16:07:02 CST] [DEBUG] org.apache.http.impl.conn.Wire.wire(Wire.java:73) - http-outgoing-2 << "Content-Length: 171[\r][\n]"
[2023-05-22 at 16:07:02 CST] [DEBUG] org.apache.http.impl.conn.Wire.wire(Wire.java:73) - http-outgoing-2 << "[\r][\n]"
[2023-05-22 at 16:07:02 CST] [DEBUG] org.apache.http.impl.conn.Wire.wire(Wire.java:87) - http-outgoing-2 << "{"id":"S76:L[0xe7][0x9c][0x81]>165>>S76:L[0xe7][0x9c][0x81]","label":"transportFee","type":"edge","outV":"76:L[0xe7][0x9c][0x81]","outVLabel":"province","inV":"76:L[0xe7][0x9c][0x81]","inVLabel":"province","properties":{"fee":999}}"
[2023-05-22 at 16:07:02 CST] [DEBUG] org.apache.http.impl.conn.LoggingManagedHttpClientConnection.onResponseReceived(LoggingManagedHttpClientConnection.java:122) - http-outgoing-2 << HTTP/1.1 201 Created
[2023-05-22 at 16:07:02 CST] [DEBUG] org.apache.http.impl.conn.LoggingManagedHttpClientConnection.onResponseReceived(LoggingManagedHttpClientConnection.java:125) - http-outgoing-2 << Content-Type: application/json;charset=UTF-8
[2023-05-22 at 16:07:02 CST] [DEBUG] org.apache.http.impl.conn.LoggingManagedHttpClientConnection.onResponseReceived(LoggingManagedHttpClientConnection.java:125) - http-outgoing-2 << Content-Length: 171
[2023-05-22 at 16:07:02 CST] [DEBUG] org.apache.http.impl.execchain.MainClientExec.execute(MainClientExec.java:285) - Connection can be kept alive indefinitely
[2023-05-22 at 16:07:02 CST] [DEBUG] org.apache.http.impl.conn.PoolingHttpClientConnectionManager.releaseConnection(PoolingHttpClientConnectionManager.java:344) - Connection [id: 2][route: {}->http://172.23.90.124:8080] can be kept alive indefinitely
[2023-05-22 at 16:07:02 CST] [DEBUG] org.apache.http.impl.conn.LoggingManagedHttpClientConnection.setSocketTimeout(LoggingManagedHttpClientConnection.java:88) - http-outgoing-2: set socket timeout to 0
[2023-05-22 at 16:07:02 CST] [DEBUG] org.apache.http.impl.conn.PoolingHttpClientConnectionManager.releaseConnection(PoolingHttpClientConnectionManager.java:351) - Connection released: [id: 2][route: {}->http://172.23.90.124:8080][total available: 1; route allocated: 1 of 16; total allocated: 1 of 32]
[2023-05-22 at 16:07:02 CST] [INFO ] pers.yuweiyi.YoE_logistics.init.GraphDatabaseGraphDataInitializer.initializeGraphData(GraphDatabaseGraphDataInitializer.java:1278) - Graph Database hugegraph - Graph Data - Edge - transportFee: initialized
[2023-05-22 at 16:07:02 CST] [INFO ] pers.yuweiyi.YoE_logistics.init.GraphDatabaseGraphDataInitializer.initializeGraphData(GraphDatabaseGraphDataInitializer.java:1280) - Graph Database hugegraph Graph Data: All initialized
[2023-05-22 at 16:07:02 CST] [INFO ] pers.yuweiyi.YoE_logistics.YoE_logistics_Server_Country.main(YoE_logistics_Server_Country.java:36) - YoE-logistics-Server-Country: Program end
[2023-05-22 at 16:07:07 CST] [DEBUG] org.apache.http.impl.conn.PoolingHttpClientConnectionManager.closeIdleConnections(PoolingHttpClientConnectionManager.java:441) - Closing connections idle longer than 40000 MILLISECONDS
[2023-05-22 at 16:07:07 CST] [DEBUG] org.apache.http.impl.conn.PoolingHttpClientConnectionManager.closeExpiredConnections(PoolingHttpClientConnectionManager.java:448) - Closing expired connections
